<?xml version="1.0" encoding="UTF-8"?>
<!-- Generated by org.testng.reporters.JUnitReportReporter -->
<testsuite hostname="TriNguyen" failures="0" tests="1" name="LikedIn.TestLinkedIn" time="33.910" errors="0" timestamp="2022-02-21T02:09:15 ICT" skipped="0">
  <testcase classname="LikedIn.TestLinkedIn" name="testSendMessageLinkedIn" time="33.910"/>
  <system-out/>
</testsuite> <!-- LikedIn.TestLinkedIn -->
